{
  "RSpec": {
    "coverage": {
      "/home/rai/projects/whiteboard/app/models/user.rb": [
        1,
        1,
        null,
        null,
        1,
        1,
        1,
        null,
        1,
        4,
        null,
        null
      ],
      "/home/rai/projects/whiteboard/app/models/application_record.rb": [
        1,
        1,
        null
      ],
      "/home/rai/projects/whiteboard/app/helpers/application_helper.rb": [
        1,
        null
      ],
      "/home/rai/projects/whiteboard/app/helpers/welcome_helper.rb": [
        1,
        null
      ],
      "/home/rai/projects/whiteboard/app/controllers/characters_controller.rb": [
        1,
        1,
        1,
        1,
        1,
        1,
        1,
        null,
        null,
        1,
        1,
        1,
        1,
        1,
        1,
        1,
        0,
        1,
        0,
        null,
        1,
        null,
        1,
        null,
        1,
        1,
        null,
        0,
        0,
        0,
        null,
        null,
        null,
        1,
        null,
        1,
        1,
        null,
        null,
        null
      ],
      "/home/rai/projects/whiteboard/app/controllers/application_controller.rb": [
        1,
        1,
        null,
        1,
        null,
        1,
        0,
        null,
        null
      ],
      "/home/rai/projects/whiteboard/app/models/character.rb": [
        1,
        1,
        null,
        2,
        2,
        1,
        null,
        1,
        1,
        null,
        null,
        1,
        5,
        null,
        null,
        1,
        7,
        null,
        null,
        1,
        1,
        null,
        null,
        1,
        0,
        null,
        null,
        1,
        0,
        null,
        null,
        1,
        1,
        null,
        null,
        1,
        0,
        0,
        0,
        null,
        null,
        null,
        null
      ],
      "/home/rai/projects/whiteboard/app/channels/application_cable/channel.rb": [
        0,
        0,
        0,
        0
      ],
      "/home/rai/projects/whiteboard/app/channels/application_cable/connection.rb": [
        0,
        0,
        0,
        0
      ],
      "/home/rai/projects/whiteboard/app/controllers/welcome_controller.rb": [
        0,
        0,
        0,
        0,
        0,
        0,
        0,
        0,
        0,
        0
      ],
      "/home/rai/projects/whiteboard/app/mailers/application_mailer.rb": [
        0,
        0,
        0,
        0
      ],
      "/home/rai/projects/whiteboard/app/jobs/application_job.rb": [
        0,
        0
      ]
    },
    "timestamp": 1557543105
  }
}
